This is pdfTeX, Version 3.1415926-1.40.9 (MiKTeX 2.7) (preloaded format=latex 2010.6.14)  8 AUG 2011 08:16
entering extended mode
**FFD-intro.tex
(FFD-intro.tex
LaTeX2e <2005/12/01>
Babel <v3.8l> and hyphenation patterns for english, dumylang, nohyphenation, german, ngerman, german-x-2008-06-18, ngerm
an-x-2008-06-18, french, loaded.
(jss.cls
Document Class: jss 2008/04/07 1.8 jss class by Achim Zeileis
("E:\Programme\MiKTeX 2.7\tex\latex\base\article.cls"
Document Class: article 2005/09/16 v1.4f Standard LaTeX document class
("E:\Programme\MiKTeX 2.7\tex\latex\base\size11.clo"
File: size11.clo 2005/09/16 v1.4f Standard LaTeX file (size option)
)
\c@part=\count79
\c@section=\count80
\c@subsection=\count81
\c@subsubsection=\count82
\c@paragraph=\count83
\c@subparagraph=\count84
\c@figure=\count85
\c@table=\count86
\abovecaptionskip=\skip41
\belowcaptionskip=\skip42
\bibindent=\dimen102
) ("E:\Programme\MiKTeX 2.7\tex\latex\graphics\graphicx.sty"
Package: graphicx 1999/02/16 v1.0f Enhanced LaTeX Graphics (DPC,SPQR)

("E:\Programme\MiKTeX 2.7\tex\latex\graphics\keyval.sty"
Package: keyval 1999/03/16 v1.13 key=value parser (DPC)
\KV@toks@=\toks14
) ("E:\Programme\MiKTeX 2.7\tex\latex\graphics\graphics.sty"
Package: graphics 2006/02/20 v1.0o Standard LaTeX Graphics (DPC,SPQR)

("E:\Programme\MiKTeX 2.7\tex\latex\graphics\trig.sty"
Package: trig 1999/03/16 v1.09 sin cos tan (DPC)
) ("E:\Programme\MiKTeX 2.7\tex\latex\00miktex\graphics.cfg"
File: graphics.cfg 2007/01/18 v1.5 graphics configuration of teTeX/TeXLive
)
Package graphics Info: Driver file: dvips.def on input line 90.

("E:\Programme\MiKTeX 2.7\tex\latex\graphics\dvips.def"
File: dvips.def 1999/02/16 v3.0i Driver-dependant file (DPC,SPQR)
))
\Gin@req@height=\dimen103
\Gin@req@width=\dimen104
) ("E:\Programme\MiKTeX 2.7\tex\latex\ltxmisc\a4wide.sty"
Package: a4wide 1994/08/30


! LaTeX Error: File `a4.sty' not found.

Type X to quit or <RETURN> to proceed,
or enter new name. (Default extension: sty)

Enter file name: 
! Emergency stop.
<read *> 
         
l.13 
      
*** (cannot \read from terminal in nonstop modes)

 
Here is how much of TeX's memory you used:
 550 strings out of 95305
 6106 string characters out of 1183249
 53214 words of memory out of 1500000
 3817 multiletter control sequences out of 110000
 3940 words of font info for 15 fonts, out of 3000000 for 5000
 14 hyphenation exceptions out of 8191
 32i,0n,21p,215b,36s stack positions out of 5000i,500n,10000p,200000b,50000s
No pages of output.
